<?xml version="1.0" encoding="utf-8"?><testsuites><testsuite name="pytest" errors="0" failures="0" skipped="0" tests="431" time="69.869" timestamp="2026-09-26T21:16:42.856301+05:30" hostname="Maliths-MacBook-Pro.local"><testcase classname="tests.test_agent_driver" name="test_action_runs_on_the_device_and_the_result_comes_back" time="0.572" /><testcase classname="tests.test_agent_driver" name="test_a_failure_on_the_device_is_reported_as_a_failed_result" time="0.560" /><testcase classname="tests.test_agent_driver" name="test_state_capture_returns_what_the_device_read" time="0.575" /><testcase classname="tests.test_agent_driver" name="test_a_device_that_never_answers_is_an_error_not_a_result" time="0.512" /><testcase classname="tests.test_agent_driver" name="test_an_unanswered_job_is_marked_expired" time="0.542" /><testcase classname="tests.test_agent_driver" name="test_state_capture_degrades_instead_of_raising" time="0.536" /><testcase classname="tests.test_agent_driver" name="test_an_action_outside_the_catalogue_is_never_sent" time="0.204" /><testcase classname="tests.test_agent_driver" name="test_a_revoked_device_gets_no_work" time="0.173" /><testcase classname="tests.test_agent_driver" name="test_an_agent_is_not_offered_another_devices_job" time="1.201" /><testcase classname="tests.test_agent_driver" name="test_an_agent_cannot_post_a_result_for_another_devices_job" time="0.576" /><testcase classname="tests.test_agent_driver" name="test_a_result_cannot_be_submitted_twice" time="0.696" /><testcase classname="tests.test_agent_driver" name="test_work_requires_a_device_credential" time="0.004" /><testcase classname="tests.test_api_chat_auth" name="test_chat_routes_refuse_an_unauthenticated_caller[post-/api/v1/chat-kwargs0]" time="0.520" /><testcase classname="tests.test_api_chat_auth" name="test_chat_routes_refuse_an_unauthenticated_caller[post-/api/v1/chat/reset-kwargs1]" time="0.516" /><testcase classname="tests.test_api_chat_auth" name="test_chat_routes_refuse_an_unauthenticated_caller[get-/api/v1/chat/history/1-kwargs2]" time="0.513" /><testcase classname="tests.test_api_chat_auth" name="test_chat_routes_refuse_an_unauthenticated_caller[get-/api/v1/chat/sessions/bethany.williams@acme-soft.com-kwargs3]" time="0.515" /><testcase classname="tests.test_api_chat_auth" name="test_chat_routes_refuse_an_unauthenticated_caller[post-/api/v1/chat/resume/session-owned-by-bethany-kwargs4]" time="0.530" /><testcase classname="tests.test_api_chat_auth" name="test_chat_routes_refuse_an_unauthenticated_caller[post-/api/v1/chat/image-kwargs5]" time="0.515" /><testcase classname="tests.test_api_chat_auth" name="test_a_forged_token_does_not_open_the_chat" time="0.515" /><testcase classname="tests.test_api_chat_auth" name="test_a_stranger_cannot_list_someone_elses_sessions" time="0.692" /><testcase classname="tests.test_api_chat_auth" name="test_you_can_list_your_own_sessions" time="0.685" /><testcase classname="tests.test_api_chat_auth" name="test_support_staff_can_list_the_sessions_they_answer" time="0.685" /><testcase classname="tests.test_api_chat_auth" name="test_a_stranger_cannot_resume_someone_elses_session" time="0.689" /><testcase classname="tests.test_api_chat_auth" name="test_a_stranger_cannot_read_the_chat_behind_someone_elses_ticket" time="0.685" /><testcase classname="tests.test_api_chat_auth" name="test_the_ticket_owner_can_read_their_own_chat" time="0.687" /><testcase classname="tests.test_api_chat_auth" name="test_support_staff_can_read_the_chat_behind_a_ticket" time="0.691" /><testcase classname="tests.test_api_chat_auth" name="test_a_missing_ticket_is_a_404_not_a_leak" time="0.684" /><testcase classname="tests.test_api_chat_auth" name="test_reset_acts_on_the_caller_not_on_the_address_in_the_body" time="0.685" /><testcase classname="tests.test_api_chat_auth" name="test_an_authenticated_caller_gets_past_the_gate" time="0.688" /><testcase classname="tests.test_api_chat_auth" name="test_a_ticket_can_name_the_users_own_machine" time="0.859" /><testcase classname="tests.test_api_chat_auth" name="test_a_ticket_about_no_machine_is_still_allowed" time="0.693" /><testcase classname="tests.test_api_chat_auth" name="test_a_ticket_cannot_name_someone_elses_machine" time="0.858" /><testcase classname="tests.test_api_chat_auth" name="test_a_ticket_cannot_name_a_machine_that_does_not_exist" time="0.685" /><testcase classname="tests.test_api_chat_auth" name="test_a_revoked_machine_cannot_be_named" time="0.857" /><testcase classname="tests.test_api_chat_auth" name="test_you_cannot_raise_a_ticket_in_someone_elses_name" time="0.684" /><testcase classname="tests.test_api_chat_auth" name="test_support_staff_may_raise_a_ticket_for_someone" time="0.862" /><testcase classname="tests.test_api_chat_auth" name="test_the_device_list_says_which_machines_are_answering" time="0.861" /><testcase classname="tests.test_api_remediation" name="test_every_remediation_route_requires_a_token[get-/api/v1/remediation/actions-None]" time="0.683" /><testcase classname="tests.test_api_remediation" name="test_every_remediation_route_requires_a_token[post-/api/v1/remediation/propose-body1]" time="0.697" /><testcase classname="tests.test_api_remediation" name="test_every_remediation_route_requires_a_token[post-/api/v1/remediation/approve-body2]" time="0.683" /><testcase classname="tests.test_api_remediation" name="test_every_remediation_route_requires_a_token[post-/api/v1/remediation/execute-body3]" time="0.690" /><testcase classname="tests.test_api_remediation" name="test_every_remediation_route_requires_a_token[get-/api/v1/remediation/pending-None]" time="0.723" /><testcase classname="tests.test_api_remediation" name="test_a_forged_token_is_refused" time="0.683" /><testcase classname="tests.test_api_remediation" name="test_actions_endpoint_publishes_the_contract" time="0.856" /><testcase classname="tests.test_api_remediation" name="test_an_unverifiable_action_is_never_reported_as_resolved" time="1.041" /><testcase classname="tests.test_api_remediation" name="test_an_action_with_no_contract_is_refused" time="0.858" /><testcase classname="tests.test_api_remediation" name="test_a_command_string_is_not_an_action" time="0.858" /><testcase classname="tests.test_api_remediation" name="test_proposing_scores_the_risk_and_runs_nothing" time="0.858" /><testcase classname="tests.test_api_remediation" name="test_the_assessment_records_the_policy_version" time="0.862" /><testcase classname="tests.test_api_remediation" name="test_weak_evidence_costs_autonomy" time="0.859" /><testcase classname="tests.test_api_remediation" name="test_a_medium_risk_action_cannot_run_without_approval" time="0.862" /><testcase classname="tests.test_api_remediation" name="test_approval_issues_a_token_and_execution_consumes_it" time="1.034" /><testcase classname="tests.test_api_remediation" name="test_owner_can_approve_their_own_medium_risk_action" time="0.859" /><testcase classname="tests.test_api_remediation" name="test_unrelated_user_cannot_approve_someone_elses_medium_risk_action" time="1.033" /><testcase classname="tests.test_api_remediation" name="test_support_l1_cannot_approve_someone_elses_medium_risk_action" time="1.044" /><testcase classname="tests.test_api_remediation" name="test_a_token_cannot_be_used_twice" time="1.039" /><testcase classname="tests.test_api_remediation" name="test_a_token_does_not_work_on_another_request" time="1.037" /><testcase classname="tests.test_api_remediation" name="test_a_rejected_request_can_never_run" time="1.030" /><testcase classname="tests.test_api_remediation" name="test_the_approver_is_taken_from_the_token_not_the_body" time="1.034" /><testcase classname="tests.test_api_remediation" name="test_a_low_risk_action_runs_and_is_verified" time="0.861" /><testcase classname="tests.test_api_remediation" name="test_a_silent_failure_is_never_reported_as_resolved" time="0.860" /><testcase classname="tests.test_api_remediation" name="test_a_pre_check_failure_stops_the_action_being_run" time="1.032" /><testcase classname="tests.test_api_remediation" name="test_a_read_only_diagnostic_needs_no_evidence" time="0.879" /><testcase classname="tests.test_api_remediation" name="test_a_failed_remediation_rolls_back_and_verifies_the_rollback" time="1.035" /><testcase classname="tests.test_api_remediation" name="test_a_rollback_that_restores_nothing_escalates" time="1.033" /><testcase classname="tests.test_api_remediation" name="test_an_unrelated_user_cannot_execute_someone_elses_remediation" time="1.033" /><testcase classname="tests.test_api_remediation" name="test_an_unrelated_user_cannot_read_someone_elses_remediation" time="1.032" /><testcase classname="tests.test_api_remediation" name="test_support_staff_can_read_any_remediation" time="1.032" /><testcase classname="tests.test_api_remediation" name="test_a_remediation_cannot_be_aimed_at_someone_elses_machine" time="0.854" /><testcase classname="tests.test_api_remediation" name="test_a_missing_remediation_is_a_404_not_a_500" time="0.858" /><testcase classname="tests.test_api_remediation" name="test_the_full_trail_is_retrievable_after_the_run" time="0.862" /><testcase classname="tests.test_api_remediation" name="test_pending_lists_what_is_waiting_for_a_human" time="1.032" /><testcase classname="tests.test_api_remediation" name="test_a_machine_that_never_answers_raises_a_ticket" time="1.036" /><testcase classname="tests.test_api_remediation" name="test_that_ticket_names_the_machine_and_its_owner" time="1.034" /><testcase classname="tests.test_api_remediation" name="test_the_outcome_is_still_reported_as_unknown" time="1.033" /><testcase classname="tests.test_api_remediation" name="test_a_reachable_machine_raises_no_ticket" time="0.865" /><testcase classname="tests.test_chat_grounding" name="test_the_first_report_stays_in_the_query" time="0.000" /><testcase classname="tests.test_chat_grounding" name="test_the_newest_message_is_included_so_a_new_problem_can_take_over" time="0.000" /><testcase classname="tests.test_chat_grounding" name="test_only_what_the_user_said_is_searched" time="0.000" /><testcase classname="tests.test_chat_grounding" name="test_the_first_message_is_not_repeated_twice" time="0.000" /><testcase classname="tests.test_chat_grounding" name="test_an_opening_message_searches_itself" time="0.000" /><testcase classname="tests.test_chat_grounding" name="test_the_chat_is_told_it_has_not_run_anything" time="0.000" /><testcase classname="tests.test_chat_grounding" name="test_the_chat_is_told_not_to_judge_whether_an_action_worked" time="0.000" /><testcase classname="tests.test_chat_grounding" name="test_an_unknown_outcome_may_not_be_explained_either_way" time="0.000" /><testcase classname="tests.test_chat_grounding" name="test_the_explanation_is_given_the_measurements_and_the_verdict" time="0.000" /><testcase classname="tests.test_chat_grounding" name="test_the_explanation_is_told_why_an_action_was_refused" time="0.000" /><testcase classname="tests.test_chat_grounding" name="test_the_explanation_may_not_overrule_the_check" time="0.000" /><testcase classname="tests.test_chat_grounding" name="test_an_action_that_ran_normally_reports_no_refusal" time="0.000" /><testcase classname="tests.test_chat_grounding" name="test_the_chat_is_told_a_refusal_ends_that_line_of_enquiry" time="0.000" /><testcase classname="tests.test_chat_grounding" name="test_the_chat_is_told_not_to_invent_severity" time="0.000" /><testcase classname="tests.test_devices" name="test_secret_is_not_stored_in_plaintext" time="0.172" /><testcase classname="tests.test_devices" name="test_secret_never_appears_in_the_public_view" time="0.173" /><testcase classname="tests.test_devices" name="test_each_device_gets_a_different_secret" time="0.341" /><testcase classname="tests.test_devices" name="test_correct_credential_is_accepted" time="0.344" /><testcase classname="tests.test_devices" name="test_wrong_secret_is_refused" time="0.343" /><testcase classname="tests.test_devices" name="test_unknown_device_is_refused" time="0.175" /><testcase classname="tests.test_devices" name="test_missing_headers_are_refused" time="0.003" /><testcase classname="tests.test_devices" name="test_failures_are_indistinguishable" time="0.347" /><testcase classname="tests.test_devices" name="test_revoked_device_is_refused_even_with_the_right_secret" time="0.346" /><testcase classname="tests.test_devices" name="test_revocation_records_when_it_happened" time="0.173" /><testcase classname="tests.test_devices" name="test_successful_call_records_last_seen" time="0.347" /><testcase classname="tests.test_devices" name="test_refused_call_does_not_record_last_seen" time="0.347" /><testcase classname="tests.test_devices" name="test_no_agent_means_the_action_is_refused" time="0.003" /><testcase classname="tests.test_devices" name="test_one_machine_is_chosen_without_asking" time="0.173" /><testcase classname="tests.test_devices" name="test_two_machines_must_be_disambiguated_by_the_user" time="0.342" /><testcase classname="tests.test_devices" name="test_a_chosen_machine_is_honoured" time="0.345" /><testcase classname="tests.test_devices" name="test_you_cannot_target_someone_elses_machine" time="0.341" /><testcase classname="tests.test_devices" name="test_a_revoked_machine_is_not_offered" time="0.172" /><testcase classname="tests.test_devices" name="test_a_device_cannot_be_registered_to_a_stranger" time="0.002" /><testcase classname="tests.test_devices" name="test_a_device_may_be_registered_to_a_real_user" time="0.003" /><testcase classname="tests.test_devices" name="test_a_silent_machine_is_not_offered_for_actions" time="0.172" /><testcase classname="tests.test_devices" name="test_a_machine_that_never_asked_for_work_is_offline" time="0.173" /><testcase classname="tests.test_devices" name="test_choosing_a_silent_machine_is_refused_too" time="0.344" /><testcase classname="tests.test_devices" name="test_a_brief_gap_between_polls_is_not_offline" time="0.215" /><testcase classname="tests.test_devices" name="test_a_silent_machine_becomes_a_ticket" time="0.005" /><testcase classname="tests.test_devices" name="test_the_ticket_carries_the_priority_of_someone_who_is_stuck" time="0.004" /><testcase classname="tests.test_devices" name="test_a_user_with_no_agent_gets_a_setup_ticket_instead" time="0.004" /><testcase classname="tests.test_devices" name="test_the_same_problem_does_not_become_two_tickets" time="0.003" /><testcase classname="tests.test_devices" name="test_choosing_a_machine_is_a_question_not_an_escalation" time="0.000" /><testcase classname="tests.test_devices" name="test_a_failure_to_raise_the_ticket_does_not_break_the_chat" time="0.003" /><testcase classname="tests.test_devices" name="test_the_choice_says_which_machines_are_answering" time="0.345" /><testcase classname="tests.test_devices" name="test_the_silent_machine_is_offered_first" time="0.342" /><testcase classname="tests.test_evaluation" name="test_scenario_ids_are_unique" time="0.000" /><testcase classname="tests.test_evaluation" name="test_thirty_scenarios_as_the_thesis_states" time="0.000" /><testcase classname="tests.test_evaluation" name="test_the_recovery_cases_are_present_and_counted" time="0.000" /><testcase classname="tests.test_evaluation" name="test_every_scenario_has_expert_labels" time="0.000" /><testcase classname="tests.test_evaluation" name="test_labels_are_internally_consistent" time="0.000" /><testcase classname="tests.test_evaluation" name="test_every_action_has_a_contract" time="0.000" /><testcase classname="tests.test_evaluation" name="test_set_covers_unsafe_and_faulty_cases" time="0.000" /><testcase classname="tests.test_evaluation" name="test_high_risk_scenarios_are_marked_unsafe" time="0.000" /><testcase classname="tests.test_evaluation" name="test_condition_a_never_executes" time="0.149" /><testcase classname="tests.test_evaluation" name="test_condition_b_executes_unsafe_actions" time="0.085" /><testcase classname="tests.test_evaluation" name="test_condition_c_blocks_every_unsafe_action" time="0.054" /><testcase classname="tests.test_evaluation" name="test_condition_c_runs_safe_actions_without_a_human" time="0.034" /><testcase classname="tests.test_evaluation" name="test_injected_faults_are_never_reported_as_resolved" time="0.127" /><testcase classname="tests.test_evaluation" name="test_precheck_blocks_the_missing_target_scenario" time="0.006" /><testcase classname="tests.test_evaluation" name="test_every_condition_runs_every_scenario" time="1.235" /><testcase classname="tests.test_evaluation" name="test_unsafe_prevention_is_perfect_under_c" time="0.000" /><testcase classname="tests.test_evaluation" name="test_unsafe_prevention_fails_under_b" time="0.000" /><testcase classname="tests.test_evaluation" name="test_risk_adaptation_reduces_approval_burden" time="0.000" /><testcase classname="tests.test_evaluation" name="test_confusion_matrix_totals_match_the_runs" time="0.000" /><testcase classname="tests.test_evaluation" name="test_rates_are_none_not_zero_when_undefined" time="0.000" /><testcase classname="tests.test_evaluation" name="test_report_includes_the_headline_comparison" time="0.000" /><testcase classname="tests.test_evaluation" name="test_runs_are_reproducible" time="0.000" /><testcase classname="tests.test_evaluation" name="test_results_serialise_for_the_csv" time="0.000" /><testcase classname="tests.test_evaluation" name="test_rollback_is_actually_exercised" time="0.000" /><testcase classname="tests.test_evaluation" name="test_the_recoverable_case_ends_rolled_back" time="0.000" /><testcase classname="tests.test_evaluation" name="test_a_rollback_that_restores_nothing_is_not_counted_as_success" time="0.000" /><testcase classname="tests.test_evaluation" name="test_no_rollback_is_reported_where_none_is_defined" time="0.000" /><testcase classname="tests.test_evaluation" name="test_every_run_has_a_complete_audit_trail" time="0.000" /><testcase classname="tests.test_evaluation" name="test_a_scenario_can_set_the_state_its_story_describes" time="0.000" /><testcase classname="tests.test_evaluation" name="test_a_scenario_cannot_set_state_the_machine_does_not_have" time="0.000" /><testcase classname="tests.test_evaluation" name="test_network_scenarios_pass_their_pre_checks_where_they_should" time="0.000" /><testcase classname="tests.test_execution_driver" name="test_simulated_driver_is_always_available" time="0.000" /><testcase classname="tests.test_execution_driver" name="test_explicit_simulated_selection" time="0.000" /><testcase classname="tests.test_execution_driver" name="test_auto_selects_simulated_off_windows" time="0.000" /><testcase classname="tests.test_execution_driver" name="test_powershell_falls_back_off_windows" time="0.000" /><testcase classname="tests.test_execution_driver" name="test_unknown_driver_is_rejected" time="0.000" /><testcase classname="tests.test_execution_driver" name="test_get_driver_caches_one_instance" time="0.000" /><testcase classname="tests.test_execution_driver" name="test_unregistered_action_is_refused" time="0.000" /><testcase classname="tests.test_execution_driver" name="test_command_string_cannot_be_passed_as_an_action" time="0.000" /><testcase classname="tests.test_execution_driver" name="test_supports_reports_registered_actions" time="0.000" /><testcase classname="tests.test_execution_driver" name="test_capture_state_does_not_change_anything" time="0.000" /><testcase classname="tests.test_execution_driver" name="test_unknown_scope_is_rejected" time="0.000" /><testcase classname="tests.test_execution_driver" name="test_capture_all_covers_every_scope" time="0.001" /><testcase classname="tests.test_execution_driver" name="test_clear_temp_files_frees_disk_space" time="0.000" /><testcase classname="tests.test_execution_driver" name="test_result_carries_before_and_after_state" time="0.000" /><testcase classname="tests.test_execution_driver" name="test_kill_process_removes_it" time="0.000" /><testcase classname="tests.test_execution_driver" name="test_kill_unknown_process_fails_without_raising" time="0.000" /><testcase classname="tests.test_execution_driver" name="test_restart_service_starts_a_stopped_service" time="0.000" /><testcase classname="tests.test_execution_driver" name="test_restart_service_requires_a_name" time="0.000" /><testcase classname="tests.test_execution_driver" name="test_flush_dns_empties_the_cache" time="0.000" /><testcase classname="tests.test_execution_driver" name="test_reset_winsock_repairs_stack_and_needs_reboot" time="0.000" /><testcase classname="tests.test_execution_driver" name="test_disable_startup_item_turns_it_off" time="0.000" /><testcase classname="tests.test_execution_driver" name="test_disabling_saves_what_it_removed" time="0.000" /><testcase classname="tests.test_execution_driver" name="test_enable_startup_item_puts_it_back" time="0.000" /><testcase classname="tests.test_execution_driver" name="test_enabling_an_item_this_system_never_disabled_fails" time="0.000" /><testcase classname="tests.test_execution_driver" name="test_a_self_restoring_item_comes_back_on_its_own" time="0.000" /><testcase classname="tests.test_execution_driver" name="test_close_browser_tabs_releases_memory" time="0.000" /><testcase classname="tests.test_execution_driver" name="test_read_only_action_leaves_state_unchanged" time="0.000" /><testcase classname="tests.test_execution_driver" name="test_injected_fault_reports_success" time="0.000" /><testcase classname="tests.test_execution_driver" name="test_injected_fault_changes_nothing" time="0.000" /><testcase classname="tests.test_execution_driver" name="test_injected_fault_is_flagged_for_evaluation" time="0.000" /><testcase classname="tests.test_execution_driver" name="test_normal_execution_is_not_flagged_as_faulted" time="0.000" /><testcase classname="tests.test_execution_driver" name="test_faults_can_be_cleared" time="0.000" /><testcase classname="tests.test_execution_driver" name="test_fault_affects_only_the_named_action" time="0.000" /><testcase classname="tests.test_execution_driver" name="test_result_is_serialisable_for_audit" time="0.000" /><testcase classname="tests.test_execution_driver" name="test_result_names_the_driver_used" time="0.000" /><testcase classname="tests.test_execution_driver" name="test_low_disk_scenario_can_be_resolved" time="0.000" /><testcase classname="tests.test_execution_driver" name="test_starting_state_represents_a_real_problem" time="0.000" /><testcase classname="tests.test_execution_driver" name="test_startup_snapshot_reads_enabled_and_disabled_items" time="0.000" /><testcase classname="tests.test_execution_driver" name="test_a_disabled_item_stays_in_the_snapshot" time="0.000" /><testcase classname="tests.test_execution_driver" name="test_an_unreadable_snapshot_is_empty_not_invented" time="0.000" /><testcase classname="tests.test_execution_driver" name="test_a_broken_snapshot_does_not_raise" time="0.000" /><testcase classname="tests.test_execution_driver" name="test_services_snapshot_maps_names_to_run_states" time="0.000" /><testcase classname="tests.test_execution_driver" name="test_a_service_that_cannot_be_read_is_left_out_not_guessed" time="0.000" /><testcase classname="tests.test_execution_driver" name="test_services_are_empty_when_they_cannot_be_enumerated" time="0.000" /><testcase classname="tests.test_execution_driver" name="test_connected_means_a_usable_address_not_merely_an_interface" time="0.000" /><testcase classname="tests.test_execution_driver" name="test_an_interface_that_is_down_is_not_connected" time="0.000" /><testcase classname="tests.test_execution_driver" name="test_the_address_windows_assigns_when_it_failed_is_not_connected" time="0.000" /><testcase classname="tests.test_execution_driver" name="test_loopback_alone_is_not_connected" time="0.000" /><testcase classname="tests.test_execution_driver" name="test_the_dns_cache_size_is_reported_when_it_can_be_read" time="0.000" /><testcase classname="tests.test_execution_driver" name="test_an_unreadable_dns_cache_is_left_out_so_the_check_refuses" time="0.000" /><testcase classname="tests.test_explain_result" name="test_the_explanation_comes_back" time="0.004" /><testcase classname="tests.test_explain_result" name="test_it_costs_exactly_one_request" time="0.004" /><testcase classname="tests.test_explain_result" name="test_the_prompt_carries_the_measured_state" time="0.004" /><testcase classname="tests.test_explain_result" name="test_it_is_told_not_to_claim_a_fix" time="0.004" /><testcase classname="tests.test_explain_result" name="test_a_quota_failure_says_so" time="0.005" /><testcase classname="tests.test_explain_result" name="test_other_failures_are_reported_separately" time="0.004" /><testcase classname="tests.test_explain_result" name="test_an_empty_answer_is_not_posted_as_a_message" time="0.004" /><testcase classname="tests.test_explain_result" name="test_someone_elses_remediation_is_refused" time="0.003" /><testcase classname="tests.test_knowledge_service" name="test_verified_fix_with_no_article_proposes_a_draft" time="0.008" /><testcase classname="tests.test_knowledge_service" name="test_draft_records_where_it_came_from" time="0.009" /><testcase classname="tests.test_knowledge_service" name="test_no_draft_when_an_article_already_covered_it" time="0.006" /><testcase classname="tests.test_knowledge_service" name="test_no_draft_from_an_unverified_fix" time="0.006" /><testcase classname="tests.test_knowledge_service" name="test_proposing_twice_reuses_the_same_draft" time="0.009" /><testcase classname="tests.test_knowledge_service" name="test_draft_has_usable_steps" time="0.008" /><testcase classname="tests.test_knowledge_service" name="test_pending_draft_is_not_in_approved_articles" time="0.008" /><testcase classname="tests.test_knowledge_service" name="test_rejected_draft_is_not_in_approved_articles" time="0.009" /><testcase classname="tests.test_knowledge_service" name="test_pending_draft_has_no_article_id" time="0.007" /><testcase classname="tests.test_knowledge_service" name="test_approved_draft_becomes_searchable" time="0.009" /><testcase classname="tests.test_knowledge_service" name="test_approval_assigns_the_next_article_id" time="0.009" /><testcase classname="tests.test_knowledge_service" name="test_article_ids_do_not_collide" time="0.005" /><testcase classname="tests.test_knowledge_service" name="test_reviewer_can_edit_before_approving" time="0.008" /><testcase classname="tests.test_knowledge_service" name="test_approving_twice_is_refused" time="0.009" /><testcase classname="tests.test_knowledge_service" name="test_rejected_draft_cannot_be_approved_later" time="0.008" /><testcase classname="tests.test_knowledge_service" name="test_approval_records_who_decided" time="0.008" /><testcase classname="tests.test_knowledge_service" name="test_cannot_approve_an_article_with_no_steps" time="0.004" /><testcase classname="tests.test_knowledge_service" name="test_manual_draft_needs_steps" time="0.003" /><testcase classname="tests.test_knowledge_service" name="test_manual_draft_is_marked_as_human_written" time="0.003" /><testcase classname="tests.test_knowledge_service" name="test_pending_lists_only_unreviewed" time="0.008" /><testcase classname="tests.test_knowledge_service" name="test_history_keeps_rejected_drafts" time="0.004" /><testcase classname="tests.test_knowledge_service" name="test_learned_article_is_retrievable_after_approval" time="0.010" /><testcase classname="tests.test_main" name="test_root" time="0.001" /><testcase classname="tests.test_main" name="test_health_check" time="0.001" /><testcase classname="tests.test_posix_driver" name="test_posix_driver_is_selectable" time="0.000" /><testcase classname="tests.test_posix_driver" name="test_hybrid_driver_is_selectable" time="0.000" /><testcase classname="tests.test_posix_driver" name="test_posix_is_available_here" time="0.000" /><testcase classname="tests.test_posix_driver" name="test_posix_refuses_every_state_changing_action" time="0.000" /><testcase classname="tests.test_posix_driver" name="test_posix_refuses_unknown_actions" time="0.000" /><testcase classname="tests.test_posix_driver" name="test_posix_only_claims_read_only_contracts" time="0.000" /><testcase classname="tests.test_posix_driver" name="test_disk_reading_is_real_and_plausible" time="0.000" /><testcase classname="tests.test_posix_driver" name="test_process_reading_finds_this_test_process" time="0.012" /><testcase classname="tests.test_posix_driver" name="test_check_disk_space_reports_the_real_host" time="0.000" /><testcase classname="tests.test_posix_driver" name="test_read_only_action_leaves_disk_unchanged" time="0.000" /><testcase classname="tests.test_posix_driver" name="test_system_health_includes_memory_and_cpu" time="0.374" /><testcase classname="tests.test_posix_driver" name="test_unreadable_scope_returns_empty_not_a_guess" time="0.000" /><testcase classname="tests.test_posix_driver" name="test_real_diagnostic_still_passes_post_verification" time="0.000" /><testcase classname="tests.test_posix_driver" name="test_hybrid_sends_diagnostics_to_the_real_host" time="0.001" /><testcase classname="tests.test_posix_driver" name="test_hybrid_sends_changes_to_the_simulated_machine" time="0.000" /><testcase classname="tests.test_posix_driver" name="test_hybrid_does_not_touch_the_real_disk" time="0.000" /><testcase classname="tests.test_posix_driver" name="test_hybrid_supports_both_kinds" time="0.000" /><testcase classname="tests.test_posix_driver" name="test_hybrid_state_comes_from_the_simulated_machine" time="0.000" /><testcase classname="tests.test_posix_driver" name="test_hybrid_supports_fault_injection" time="0.000" /><testcase classname="tests.test_posix_driver" name="test_hybrid_full_flow_still_verifies" time="0.000" /><testcase classname="tests.test_posix_driver" name="test_hybrid_catches_a_silent_failure" time="0.000" /><testcase classname="tests.test_remediation_service" name="test_proposal_is_persisted" time="0.008" /><testcase classname="tests.test_remediation_service" name="test_proposal_survives_a_new_session" time="0.008" /><testcase classname="tests.test_remediation_service" name="test_proposal_records_its_evidence" time="0.005" /><testcase classname="tests.test_remediation_service" name="test_proposal_alone_does_not_execute" time="0.005" /><testcase classname="tests.test_remediation_service" name="test_low_risk_becomes_ready_for_execution" time="0.005" /><testcase classname="tests.test_remediation_service" name="test_medium_risk_awaits_user_approval" time="0.005" /><testcase classname="tests.test_remediation_service" name="test_high_risk_is_blocked" time="0.082" /><testcase classname="tests.test_remediation_service" name="test_assessment_stores_the_full_factor_vector" time="0.005" /><testcase classname="tests.test_remediation_service" name="test_tc04_no_evidence_blocks_execution_despite_plausible_suggestion" time="0.005" /><testcase classname="tests.test_remediation_service" name="test_tc04_no_execution_token_is_issued_when_blocked" time="0.004" /><testcase classname="tests.test_remediation_service" name="test_user_can_approve_a_medium_risk_action" time="0.006" /><testcase classname="tests.test_remediation_service" name="test_unrelated_user_cannot_approve_a_medium_risk_action" time="0.005" /><testcase classname="tests.test_remediation_service" name="test_support_with_auto_resolution_permission_can_approve_medium_risk" time="0.005" /><testcase classname="tests.test_remediation_service" name="test_high_risk_needs_an_expert_not_the_requester" time="0.004" /><testcase classname="tests.test_remediation_service" name="test_high_risk_cannot_be_self_approved" time="0.004" /><testcase classname="tests.test_remediation_service" name="test_expert_can_approve_high_risk" time="0.006" /><testcase classname="tests.test_remediation_service" name="test_rejected_action_never_executes" time="0.005" /><testcase classname="tests.test_remediation_service" name="test_tc07_wrong_token_is_rejected" time="0.005" /><testcase classname="tests.test_remediation_service" name="test_tc07_token_is_single_use" time="0.006" /><testcase classname="tests.test_remediation_service" name="test_tc07_expired_token_is_rejected" time="0.007" /><testcase classname="tests.test_remediation_service" name="test_tc07_changed_parameters_invalidate_approval" time="0.006" /><testcase classname="tests.test_remediation_service" name="test_fingerprint_ignores_key_order" time="0.000" /><testcase classname="tests.test_remediation_service" name="test_fingerprint_changes_with_the_action" time="0.000" /><testcase classname="tests.test_remediation_service" name="test_tc06_failed_precheck_does_not_call_the_executor" time="0.005" /><testcase classname="tests.test_remediation_service" name="test_tc06_precheck_failure_reason_is_recorded" time="0.005" /><testcase classname="tests.test_remediation_service" name="test_low_risk_action_runs_and_is_verified" time="0.006" /><testcase classname="tests.test_remediation_service" name="test_execution_records_before_and_after_state" time="0.005" /><testcase classname="tests.test_remediation_service" name="test_tc08_silent_failure_is_not_marked_completed" time="0.006" /><testcase classname="tests.test_remediation_service" name="test_tc08_silent_failure_escalates_when_no_rollback" time="0.005" /><testcase classname="tests.test_remediation_service" name="test_tc09_escalation_records_the_reason" time="0.006" /><testcase classname="tests.test_remediation_service" name="test_tc09_no_further_tool_invocation_after_escalation" time="0.006" /><testcase classname="tests.test_remediation_service" name="test_failed_remediation_rolls_back_when_it_can" time="0.006" /><testcase classname="tests.test_remediation_service" name="test_rollback_is_verified_not_assumed" time="0.006" /><testcase classname="tests.test_remediation_service" name="test_rollback_is_recorded_in_the_audit_trail" time="0.006" /><testcase classname="tests.test_remediation_service" name="test_rollback_that_restores_nothing_escalates" time="0.007" /><testcase classname="tests.test_remediation_service" name="test_failed_rollback_says_so_instead_of_claiming_none_existed" time="0.006" /><testcase classname="tests.test_remediation_service" name="test_rollback_reporting_success_is_not_enough" time="0.006" /><testcase classname="tests.test_remediation_service" name="test_pending_approvals_lists_waiting_requests" time="0.006" /><testcase classname="tests.test_remediation_service" name="test_completed_requests_are_not_pending" time="0.007" /><testcase classname="tests.test_remediation_service" name="test_history_is_newest_first" time="0.005" /><testcase classname="tests.test_remediation_service" name="test_request_serialises_without_leaking_the_token" time="0.005" /><testcase classname="tests.test_remediation_service" name="test_every_step_is_audited" time="0.006" /><testcase classname="tests.test_remediation_service" name="test_audit_carries_the_risk_factors" time="0.006" /><testcase classname="tests.test_remediation_service" name="test_read_only_action_runs_without_any_evidence" time="0.007" /><testcase classname="tests.test_remediation_service" name="test_state_changing_action_still_needs_evidence" time="0.002" /><testcase classname="tests.test_risk_engine" name="test_factor_out_of_range_is_rejected[0]" time="0.000" /><testcase classname="tests.test_risk_engine" name="test_factor_out_of_range_is_rejected[4]" time="0.000" /><testcase classname="tests.test_risk_engine" name="test_factor_out_of_range_is_rejected[-1]" time="0.000" /><testcase classname="tests.test_risk_engine" name="test_factor_out_of_range_is_rejected[100]" time="0.000" /><testcase classname="tests.test_risk_engine" name="test_factor_wrong_type_is_rejected[1.5]" time="0.000" /><testcase classname="tests.test_risk_engine" name="test_factor_wrong_type_is_rejected[2]" time="0.000" /><testcase classname="tests.test_risk_engine" name="test_factor_wrong_type_is_rejected[None]" time="0.000" /><testcase classname="tests.test_risk_engine" name="test_factor_wrong_type_is_rejected[True]" time="0.000" /><testcase classname="tests.test_risk_engine" name="test_all_factors_are_validated_not_just_the_first" time="0.000" /><testcase classname="tests.test_risk_engine" name="test_confidence_rating_is_inverted[3-1]" time="0.000" /><testcase classname="tests.test_risk_engine" name="test_confidence_rating_is_inverted[2-2]" time="0.000" /><testcase classname="tests.test_risk_engine" name="test_confidence_rating_is_inverted[1-3]" time="0.000" /><testcase classname="tests.test_risk_engine" name="test_evidence_quality_is_inverted[3-1]" time="0.000" /><testcase classname="tests.test_risk_engine" name="test_evidence_quality_is_inverted[2-2]" time="0.000" /><testcase classname="tests.test_risk_engine" name="test_evidence_quality_is_inverted[1-3]" time="0.000" /><testcase classname="tests.test_risk_engine" name="test_high_confidence_and_evidence_give_lowest_risk_contributions" time="0.000" /><testcase classname="tests.test_risk_engine" name="test_all_ones_scores_one" time="0.000" /><testcase classname="tests.test_risk_engine" name="test_all_threes_scores_three" time="0.000" /><testcase classname="tests.test_risk_engine" name="test_score_matches_thesis_formula" time="0.000" /><testcase classname="tests.test_risk_engine" name="test_impact_is_weighted_heaviest" time="0.000" /><testcase classname="tests.test_risk_engine" name="test_weights_must_sum_to_one" time="0.000" /><testcase classname="tests.test_risk_engine" name="test_thresholds_must_be_ordered" time="0.000" /><testcase classname="tests.test_risk_engine" name="test_score_exactly_on_low_boundary_is_low" time="0.000" /><testcase classname="tests.test_risk_engine" name="test_score_just_above_low_boundary_is_medium" time="0.000" /><testcase classname="tests.test_risk_engine" name="test_score_exactly_on_medium_boundary_is_medium" time="0.000" /><testcase classname="tests.test_risk_engine" name="test_score_just_above_medium_boundary_is_high" time="0.000" /><testcase classname="tests.test_risk_engine" name="test_minimum_possible_score_is_low" time="0.000" /><testcase classname="tests.test_risk_engine" name="test_maximum_possible_score_is_high" time="0.000" /><testcase classname="tests.test_risk_engine" name="test_low_routes_to_auto_candidate" time="0.000" /><testcase classname="tests.test_risk_engine" name="test_medium_routes_to_user_approval" time="0.000" /><testcase classname="tests.test_risk_engine" name="test_high_routes_to_expert_or_block" time="0.000" /><testcase classname="tests.test_risk_engine" name="test_missing_evidence_forces_high_despite_low_score" time="0.000" /><testcase classname="tests.test_risk_engine" name="test_privileged_security_action_forces_high" time="0.000" /><testcase classname="tests.test_risk_engine" name="test_irreversible_change_to_shared_resource_forces_high" time="0.000" /><testcase classname="tests.test_risk_engine" name="test_irreversible_change_on_own_device_is_not_overridden" time="0.000" /><testcase classname="tests.test_risk_engine" name="test_no_rollback_on_critical_resource_forces_high" time="0.000" /><testcase classname="tests.test_risk_engine" name="test_catalogue_risk_acts_as_a_floor" time="0.000" /><testcase classname="tests.test_risk_engine" name="test_catalogue_floor_does_not_lower_a_high_context_score" time="0.000" /><testcase classname="tests.test_risk_engine" name="test_catalogue_floor_can_be_disabled_by_policy" time="0.000" /><testcase classname="tests.test_risk_engine" name="test_several_overrides_are_all_recorded" time="0.000" /><testcase classname="tests.test_risk_engine" name="test_no_overrides_recorded_when_none_apply" time="0.000" /><testcase classname="tests.test_risk_engine" name="test_assessment_is_deterministic" time="0.000" /><testcase classname="tests.test_risk_engine" name="test_assessment_records_policy_version_and_weights" time="0.000" /><testcase classname="tests.test_risk_engine" name="test_to_dict_is_serialisable_for_audit" time="0.000" /><testcase classname="tests.test_risk_engine" name="test_score_level_is_preserved_separately_from_final_level" time="0.000" /><testcase classname="tests.test_risk_engine" name="test_explanation_mentions_every_factor" time="0.000" /><testcase classname="tests.test_risk_engine" name="test_explanation_states_the_override_reason" time="0.000" /><testcase classname="tests.test_risk_engine" name="test_explanation_reports_the_route" time="0.000" /><testcase classname="tests.test_risk_engine" name="test_demo_low_risk_temp_file_cleanup" time="0.000" /><testcase classname="tests.test_risk_engine" name="test_demo_medium_risk_kill_browser_process" time="0.000" /><testcase classname="tests.test_risk_engine" name="test_demo_high_risk_winsock_reset" time="0.000" /><testcase classname="tests.test_risk_engine" name="test_demo_weak_evidence_raises_a_safe_action" time="0.000" /><testcase classname="tests.test_risk_signals" name="test_no_citations_is_weakest_evidence" time="0.000" /><testcase classname="tests.test_risk_signals" name="test_strong_match_is_best_evidence" time="0.000" /><testcase classname="tests.test_risk_signals" name="test_borderline_match_is_middling" time="0.000" /><testcase classname="tests.test_risk_signals" name="test_best_match_wins_not_the_count" time="0.000" /><testcase classname="tests.test_risk_signals" name="test_confidence_bands[0.95-3]" time="0.000" /><testcase classname="tests.test_risk_signals" name="test_confidence_bands[0.7-2]" time="0.000" /><testcase classname="tests.test_risk_signals" name="test_confidence_bands[0.4-1]" time="0.000" /><testcase classname="tests.test_risk_signals" name="test_confidence_bands[None-1]" time="0.000" /><testcase classname="tests.test_risk_signals" name="test_diagnostic_needs_no_evidence" time="0.000" /><testcase classname="tests.test_risk_signals" name="test_state_changing_action_needs_evidence" time="0.000" /><testcase classname="tests.test_risk_signals" name="test_unknown_action_needs_evidence" time="0.000" /><testcase classname="tests.test_risk_signals" name="test_weak_evidence_raises_risk_of_a_safe_action" time="0.000" /><testcase classname="tests.test_risk_signals" name="test_read_only_action_scores_lowest_impact" time="0.000" /><testcase classname="tests.test_risk_signals" name="test_system_wide_action_has_wider_scope" time="0.000" /><testcase classname="tests.test_server_stays_responsive" name="test_a_blocking_call_on_the_loop_freezes_everything" time="0.414" /><testcase classname="tests.test_server_stays_responsive" name="test_a_worker_thread_keeps_the_server_answering" time="0.409" /><testcase classname="tests.test_server_stays_responsive" name="test_no_model_call_is_left_on_the_event_loop" time="0.008" /><testcase classname="tests.test_verification" name="test_unregistered_action_fails_pre_check" time="0.000" /><testcase classname="tests.test_verification" name="test_clean_action_passes_all_pre_checks" time="0.001" /><testcase classname="tests.test_verification" name="test_missing_required_parameter_blocks_execution" time="0.001" /><testcase classname="tests.test_verification" name="test_unknown_target_blocks_execution" time="0.001" /><testcase classname="tests.test_verification" name="test_known_target_passes" time="0.001" /><testcase classname="tests.test_verification" name="test_missing_approval_blocks_execution" time="0.001" /><testcase classname="tests.test_verification" name="test_insufficient_evidence_blocks_execution" time="0.001" /><testcase classname="tests.test_verification" name="test_stale_risk_assessment_blocks_execution" time="0.001" /><testcase classname="tests.test_verification" name="test_inappropriate_action_is_blocked" time="0.001" /><testcase classname="tests.test_verification" name="test_unknown_service_is_blocked" time="0.000" /><testcase classname="tests.test_verification" name="test_known_service_passes" time="0.001" /><testcase classname="tests.test_verification" name="test_failure_reasons_are_readable" time="0.001" /><testcase classname="tests.test_verification" name="test_pre_check_is_serialisable" time="0.000" /><testcase classname="tests.test_verification" name="test_rollback_availability_is_recorded" time="0.000" /><testcase classname="tests.test_verification" name="test_real_fix_is_verified_as_success" time="0.000" /><testcase classname="tests.test_verification" name="test_command_succeeds_but_problem_remains_is_a_failure" time="0.000" /><testcase classname="tests.test_verification" name="test_failed_command_is_a_verified_failure" time="0.000" /><testcase classname="tests.test_verification" name="test_killed_process_is_verified_gone" time="0.000" /><testcase classname="tests.test_verification" name="test_process_still_running_is_verified_failure" time="0.000" /><testcase classname="tests.test_verification" name="test_restarted_service_is_verified_running" time="0.000" /><testcase classname="tests.test_verification" name="test_service_still_stopped_is_verified_failure" time="0.000" /><testcase classname="tests.test_verification" name="test_flush_dns_is_verified_by_cache_being_empty" time="0.001" /><testcase classname="tests.test_verification" name="test_winsock_reset_is_verified_by_stack_health" time="0.001" /><testcase classname="tests.test_verification" name="test_disable_startup_item_is_verified" time="0.000" /><testcase classname="tests.test_verification" name="test_unverifiable_action_is_inconclusive_not_success" time="0.000" /><testcase classname="tests.test_verification" name="test_missing_state_field_is_inconclusive" time="0.000" /><testcase classname="tests.test_verification" name="test_missing_pid_parameter_is_inconclusive" time="0.000" /><testcase classname="tests.test_verification" name="test_unregistered_action_is_inconclusive" time="0.000" /><testcase classname="tests.test_verification" name="test_inconclusive_never_counts_as_resolved" time="0.001" /><testcase classname="tests.test_verification" name="test_diagnostic_action_is_verified_by_nothing_changing" time="0.000" /><testcase classname="tests.test_verification" name="test_read_only_action_that_changed_state_is_a_failure" time="0.000" /><testcase classname="tests.test_verification" name="test_every_contract_names_a_state_scope" time="0.000" /><testcase classname="tests.test_verification" name="test_state_changing_contracts_declare_verification_intent" time="0.000" /><testcase classname="tests.test_verification" name="test_irreversible_actions_declare_no_rollback" time="0.000" /><testcase classname="tests.test_verification" name="test_every_simulated_action_can_be_verified" time="0.000" /><testcase classname="tests.test_verification" name="test_post_check_is_serialisable" time="0.000" /><testcase classname="tests.test_verification" name="test_read_only_passes_when_only_the_process_list_drifted" time="0.000" /><testcase classname="tests.test_verification" name="test_read_only_still_fails_when_real_state_changed" time="0.000" /><testcase classname="tests.test_verification" name="test_every_driver_snapshots_what_its_contract_will_compare" time="0.000" /><testcase classname="tests.test_verification" name="test_read_only_tolerates_the_disk_drifting_under_it" time="0.000" /><testcase classname="tests.test_verification" name="test_the_drift_allowance_does_not_hide_a_real_change" time="0.000" /><testcase classname="tests.test_verification" name="test_at_least_one_action_has_a_rollback" time="0.000" /><testcase classname="tests.test_verification" name="test_every_rollback_action_has_its_own_contract" time="0.000" /><testcase classname="tests.test_verification" name="test_every_rollback_action_is_in_the_catalogue" time="0.000" /><testcase classname="tests.test_verification" name="test_every_rollback_action_can_be_run_by_the_driver" time="0.000" /><testcase classname="tests.test_verification" name="test_a_rollback_is_verified_like_any_other_action" time="0.000" /><testcase classname="tests.test_verification" name="test_rollback_of_a_rollback_returns_to_the_original_action" time="0.000" /><testcase classname="tests.test_verification" name="test_enable_startup_item_verifies_the_item_came_back" time="0.000" /><testcase classname="tests.test_verification" name="test_a_rollback_that_changes_nothing_is_not_verified" time="0.001" /><testcase classname="tests.test_verification" name="test_flushing_an_empty_dns_cache_is_refused" time="0.000" /><testcase classname="tests.test_verification" name="test_flushing_a_populated_dns_cache_is_allowed" time="0.000" /><testcase classname="tests.test_verification" name="test_resetting_the_adapter_on_a_working_connection_is_refused" time="0.000" /><testcase classname="tests.test_verification" name="test_resetting_the_adapter_when_nothing_connects_is_allowed" time="0.000" /><testcase classname="tests.test_verification" name="test_renewing_an_address_that_works_is_refused" time="0.000" /><testcase classname="tests.test_verification" name="test_a_winsock_reset_on_a_healthy_stack_is_refused" time="0.000" /><testcase classname="tests.test_verification" name="test_a_winsock_reset_on_a_degraded_stack_is_allowed" time="0.000" /><testcase classname="tests.test_verification" name="test_a_winsock_reset_is_refused_where_the_stack_cannot_be_read" time="0.000" /><testcase classname="tests.test_verification" name="test_every_disruptive_network_action_asks_whether_it_is_needed" time="0.000" /><testcase classname="tests.test_verification" name="test_a_large_disk_at_95_percent_is_still_worth_cleaning" time="0.000" /><testcase classname="tests.test_verification" name="test_a_roomy_disk_still_refuses_a_cleanup" time="0.000" /><testcase classname="tests.test_verification" name="test_a_small_disk_with_little_left_is_caught_by_free_space" time="0.000" /></testsuite></testsuites>